<?xml version="1.0" encoding="utf-8"?><testsuites name="pytest tests"><testsuite name="pytest" errors="0" failures="0" skipped="0" tests="19" time="1.679" timestamp="2025-06-05T04:23:12.110408+02:00" hostname="LTITA-dj3T7nGvZ"><testcase classname="tests.test_unified_parser.TestUnifiedQuotationParser" name="test_file_type_detection_pre_files" time="0.007" /><testcase classname="tests.test_unified_parser.TestUnifiedQuotationParser" name="test_file_type_detection_analisi_profittabilita_files" time="0.003" /><testcase classname="tests.test_unified_parser.TestUnifiedQuotationParser" name="test_file_type_detection_unknown_defaults_to_ap" time="0.003" /><testcase classname="tests.test_unified_parser.TestUnifiedQuotationParser" name="test_parse_pre_file_success" time="0.006" /><testcase classname="tests.test_unified_parser.TestUnifiedQuotationParser" name="test_parse_ap_file_success" time="0.007" /><testcase classname="tests.test_unified_parser.TestUnifiedQuotationParser" name="test_parse_fallback_mechanism" time="0.006" /><testcase classname="tests.test_unified_parser.TestUnifiedQuotationParser" name="test_parse_both_parsers_fail" time="0.004" /><testcase classname="tests.test_unified_parser.TestUnifiedQuotationParser" name="test_parse_and_save" time="0.009" /><testcase classname="tests.test_unified_parser.TestUnifiedQuotationParser" name="test_get_parser_recommendations_pre" time="0.001" /><testcase classname="tests.test_unified_parser.TestUnifiedQuotationParser" name="test_get_parser_recommendations_ap" time="0.001" /><testcase classname="tests.test_unified_parser.TestUnifiedQuotationParser" name="test_get_parser_recommendations_unknown_file" time="0.002" /><testcase classname="tests.test_unified_parser.TestUnifiedParserFunctions" name="test_parse_quotation_file_force_pre" time="0.003" /><testcase classname="tests.test_unified_parser.TestUnifiedParserFunctions" name="test_parse_quotation_file_force_ap" time="0.003" /><testcase classname="tests.test_unified_parser.TestUnifiedParserFunctions" name="test_parse_quotation_file_invalid_force_parser" time="0.001" /><testcase classname="tests.test_unified_parser.TestUnifiedParserFunctions" name="test_parse_quotation_file_auto_detect" time="0.003" /><testcase classname="tests.test_unified_parser.TestUnifiedParserFunctions" name="test_parse_quotation_file_with_output" time="0.003" /><testcase classname="tests.test_unified_parser.TestUnifiedParserFunctions" name="test_analyze_quotation_file" time="0.002" /><testcase classname="tests.test_unified_parser.TestIntegration" name="test_end_to_end_workflow" time="0.005" /><testcase classname="tests.test_unified_parser.TestIntegration" name="test_error_resilience" time="0.002" /></testsuite></testsuites>